# JRE version: OpenJDK Runtime Environment (7.0_65-b32) (build 1.7.0_65-b32)
# Java VM: OpenJDK Client VM (24.65-b04 mixed mode, sharing linux-x86 )
Heap
 def new generation   total 4928K, used 4125K [0x6e800000, 0x6ed50000, 0x792a0000)
  eden space 4416K,  84% used [0x6e800000, 0x6eba3f68, 0x6ec50000)
  from space 512K,  77% used [0x6ecd0000, 0x6ed334f8, 0x6ed50000)
  to   space 512K,   0% used [0x6ec50000, 0x6ec50000, 0x6ecd0000)
 tenured generation   total 10944K, used 2686K [0x792a0000, 0x79d50000, 0x8e800000)
   the space 10944K,  24% used [0x792a0000, 0x7953f9e0, 0x7953fa00, 0x79d50000)
 compacting perm gen  total 12288K, used 2405K [0x8e800000, 0x8f400000, 0x92800000)
   the space 12288K,  19% used [0x8e800000, 0x8ea59640, 0x8ea59800, 0x8f400000)
    ro space 10240K,  58% used [0x92800000, 0x92de0d00, 0x92de0e00, 0x93200000)
    rw space 12288K,  59% used [0x93200000, 0x93915cc0, 0x93915e00, 0x93e00000)
GC Heap History (10 events):
Event: 78.131 GC heap before
{Heap before GC invocations=0 (full 0):
 def new generation   total 4928K, used 4416K [0x6e800000, 0x6ed50000, 0x792a0000)
  eden space 4416K, 100% used [0x6e800000, 0x6ec50000, 0x6ec50000)
  from space 512K,   0% used [0x6ec50000, 0x6ec50000, 0x6ecd0000)
  to   space 512K,   0% used [0x6ecd0000, 0x6ecd0000, 0x6ed50000)
 tenured generation   total 10944K, used 0K [0x792a0000, 0x79d50000, 0x8e800000)
   the space 10944K,   0% used [0x792a0000, 0x792a0000, 0x792a0200, 0x79d50000)
 compacting perm gen  total 12288K, used 611K [0x8e800000, 0x8f400000, 0x92800000)
   the space 12288K,   4% used [0x8e800000, 0x8e898f68, 0x8e899000, 0x8f400000)
    ro space 10240K,  58% used [0x92800000, 0x92de0d00, 0x92de0e00, 0x93200000)
    rw space 12288K,  59% used [0x93200000, 0x93915cc0, 0x93915e00, 0x93e00000)
Event: 78.133 GC heap after
Heap after GC invocations=1 (full 0):
 def new generation   total 4928K, used 512K [0x6e800000, 0x6ed50000, 0x792a0000)
  eden space 4416K,   0% used [0x6e800000, 0x6e800000, 0x6ec50000)
  from space 512K, 100% used [0x6ecd0000, 0x6ed50000, 0x6ed50000)
  to   space 512K,   0% used [0x6ec50000, 0x6ec50000, 0x6ecd0000)
 tenured generation   total 10944K, used 322K [0x792a0000, 0x79d50000, 0x8e800000)
   the space 10944K,   2% used [0x792a0000, 0x792f0b60, 0x792f0c00, 0x79d50000)
 compacting perm gen  total 12288K, used 611K [0x8e800000, 0x8f400000, 0x92800000)
   the space 12288K,   4% used [0x8e800000, 0x8e898f68, 0x8e899000, 0x8f400000)
    ro space 10240K,  58% used [0x92800000, 0x92de0d00, 0x92de0e00, 0x93200000)
    rw space 12288K,  59% used [0x93200000, 0x93915cc0, 0x93915e00, 0x93e00000)
}
Event: 78.199 GC heap before
{Heap before GC invocations=1 (full 0):
 def new generation   total 4928K, used 4924K [0x6e800000, 0x6ed50000, 0x792a0000)
  eden space 4416K,  99% used [0x6e800000, 0x6ec4f388, 0x6ec50000)
  from space 512K, 100% used [0x6ecd0000, 0x6ed50000, 0x6ed50000)
  to   space 512K,   0% used [0x6ec50000, 0x6ec50000, 0x6ecd0000)
 tenured generation   total 10944K, used 322K [0x792a0000, 0x79d50000, 0x8e800000)
   the space 10944K,   2% used [0x792a0000, 0x792f0b60, 0x792f0c00, 0x79d50000)
 compacting perm gen  total 12288K, used 993K [0x8e800000, 0x8f400000, 0x92800000)
   the space 12288K,   8% used [0x8e800000, 0x8e8f8480, 0x8e8f8600, 0x8f400000)
    ro space 10240K,  58% used [0x92800000, 0x92de0d00, 0x92de0e00, 0x93200000)
    rw space 12288K,  59% used [0x93200000, 0x93915cc0, 0x93915e00, 0x93e00000)
Event: 78.204 GC heap after
Heap after GC invocations=2 (full 0):
 def new generation   total 4928K, used 511K [0x6e800000, 0x6ed50000, 0x792a0000)
  eden space 4416K,   0% used [0x6e800000, 0x6e800000, 0x6ec50000)
  from space 512K,  99% used [0x6ec50000, 0x6eccfff8, 0x6ecd0000)
  to   space 512K,   0% used [0x6ecd0000, 0x6ecd0000, 0x6ed50000)
 tenured generation   total 10944K, used 885K [0x792a0000, 0x79d50000, 0x8e800000)
   the space 10944K,   8% used [0x792a0000, 0x7937d650, 0x7937d800, 0x79d50000)
 compacting perm gen  total 12288K, used 993K [0x8e800000, 0x8f400000, 0x92800000)
   the space 12288K,   8% used [0x8e800000, 0x8e8f8480, 0x8e8f8600, 0x8f400000)
    ro space 10240K,  58% used [0x92800000, 0x92de0d00, 0x92de0e00, 0x93200000)
    rw space 12288K,  59% used [0x93200000, 0x93915cc0, 0x93915e00, 0x93e00000)
}
Event: 78.271 GC heap before
{Heap before GC invocations=2 (full 0):
 def new generation   total 4928K, used 4927K [0x6e800000, 0x6ed50000, 0x792a0000)
  eden space 4416K, 100% used [0x6e800000, 0x6ec50000, 0x6ec50000)
  from space 512K,  99% used [0x6ec50000, 0x6eccfff8, 0x6ecd0000)
  to   space 512K,   0% used [0x6ecd0000, 0x6ecd0000, 0x6ed50000)
 tenured generation   total 10944K, used 885K [0x792a0000, 0x79d50000, 0x8e800000)
   the space 10944K,   8% used [0x792a0000, 0x7937d650, 0x7937d800, 0x79d50000)
 compacting perm gen  total 12288K, used 1508K [0x8e800000, 0x8f400000, 0x92800000)
   the space 12288K,  12% used [0x8e800000, 0x8e979248, 0x8e979400, 0x8f400000)
    ro space 10240K,  58% used [0x92800000, 0x92de0d00, 0x92de0e00, 0x93200000)
    rw space 12288K,  59% used [0x93200000, 0x93915cc0, 0x93915e00, 0x93e00000)
Event: 78.275 GC heap after
Heap after GC invocations=3 (full 0):
 def new generation   total 4928K, used 512K [0x6e800000, 0x6ed50000, 0x792a0000)
  eden space 4416K,   0% used [0x6e800000, 0x6e800000, 0x6ec50000)
  from space 512K, 100% used [0x6ecd0000, 0x6ed50000, 0x6ed50000)
  to   space 512K,   0% used [0x6ec50000, 0x6ec50000, 0x6ecd0000)
 tenured generation   total 10944K, used 1285K [0x792a0000, 0x79d50000, 0x8e800000)
   the space 10944K,  11% used [0x792a0000, 0x793e1570, 0x793e1600, 0x79d50000)
 compacting perm gen  total 12288K, used 1508K [0x8e800000, 0x8f400000, 0x92800000)
   the space 12288K,  12% used [0x8e800000, 0x8e979248, 0x8e979400, 0x8f400000)
    ro space 10240K,  58% used [0x92800000, 0x92de0d00, 0x92de0e00, 0x93200000)
    rw space 12288K,  59% used [0x93200000, 0x93915cc0, 0x93915e00, 0x93e00000)
}
Event: 78.357 GC heap before
{Heap before GC invocations=3 (full 0):
 def new generation   total 4928K, used 4928K [0x6e800000, 0x6ed50000, 0x792a0000)
  eden space 4416K, 100% used [0x6e800000, 0x6ec50000, 0x6ec50000)
  from space 512K, 100% used [0x6ecd0000, 0x6ed50000, 0x6ed50000)
  to   space 512K,   0% used [0x6ec50000, 0x6ec50000, 0x6ecd0000)
 tenured generation   total 10944K, used 1285K [0x792a0000, 0x79d50000, 0x8e800000)
   the space 10944K,  11% used [0x792a0000, 0x793e1570, 0x793e1600, 0x79d50000)
 compacting perm gen  total 12288K, used 2023K [0x8e800000, 0x8f400000, 0x92800000)
   the space 12288K,  16% used [0x8e800000, 0x8e9f9dc8, 0x8e9f9e00, 0x8f400000)
    ro space 10240K,  58% used [0x92800000, 0x92de0d00, 0x92de0e00, 0x93200000)
    rw space 12288K,  59% used [0x93200000, 0x93915cc0, 0x93915e00, 0x93e00000)
Event: 78.362 GC heap after
Heap after GC invocations=4 (full 0):
 def new generation   total 4928K, used 512K [0x6e800000, 0x6ed50000, 0x792a0000)
  eden space 4416K,   0% used [0x6e800000, 0x6e800000, 0x6ec50000)
  from space 512K, 100% used [0x6ec50000, 0x6ecd0000, 0x6ecd0000)
  to   space 512K,   0% used [0x6ecd0000, 0x6ecd0000, 0x6ed50000)
 tenured generation   total 10944K, used 2176K [0x792a0000, 0x79d50000, 0x8e800000)
   the space 10944K,  19% used [0x792a0000, 0x794c0048, 0x794c0200, 0x79d50000)
 compacting perm gen  total 12288K, used 2023K [0x8e800000, 0x8f400000, 0x92800000)
   the space 12288K,  16% used [0x8e800000, 0x8e9f9dc8, 0x8e9f9e00, 0x8f400000)
    ro space 10240K,  58% used [0x92800000, 0x92de0d00, 0x92de0e00, 0x93200000)
    rw space 12288K,  59% used [0x93200000, 0x93915cc0, 0x93915e00, 0x93e00000)
}
Event: 101.913 GC heap before
{Heap before GC invocations=4 (full 0):
 def new generation   total 4928K, used 4928K [0x6e800000, 0x6ed50000, 0x792a0000)
  eden space 4416K, 100% used [0x6e800000, 0x6ec50000, 0x6ec50000)
  from space 512K, 100% used [0x6ec50000, 0x6ecd0000, 0x6ecd0000)
  to   space 512K,   0% used [0x6ecd0000, 0x6ecd0000, 0x6ed50000)
 tenured generation   total 10944K, used 2176K [0x792a0000, 0x79d50000, 0x8e800000)
   the space 10944K,  19% used [0x792a0000, 0x794c0048, 0x794c0200, 0x79d50000)
 compacting perm gen  total 12288K, used 2397K [0x8e800000, 0x8f400000, 0x92800000)
   the space 12288K,  19% used [0x8e800000, 0x8ea57628, 0x8ea57800, 0x8f400000)
    ro space 10240K,  58% used [0x92800000, 0x92de0d00, 0x92de0e00, 0x93200000)
    rw space 12288K,  59% used [0x93200000, 0x93915cc0, 0x93915e00, 0x93e00000)
Event: 101.916 GC heap after
Heap after GC invocations=5 (full 0):
 def new generation   total 4928K, used 397K [0x6e800000, 0x6ed50000, 0x792a0000)
  eden space 4416K,   0% used [0x6e800000, 0x6e800000, 0x6ec50000)
  from space 512K,  77% used [0x6ecd0000, 0x6ed334f8, 0x6ed50000)
  to   space 512K,   0% used [0x6ec50000, 0x6ec50000, 0x6ecd0000)
 tenured generation   total 10944K, used 2686K [0x792a0000, 0x79d50000, 0x8e800000)
   the space 10944K,  24% used [0x792a0000, 0x7953f9e0, 0x7953fa00, 0x79d50000)
 compacting perm gen  total 12288K, used 2397K [0x8e800000, 0x8f400000, 0x92800000)
   the space 12288K,  19% used [0x8e800000, 0x8ea57628, 0x8ea57800, 0x8f400000)
    ro space 10240K,  58% used [0x92800000, 0x92de0d00, 0x92de0e00, 0x93200000)
    rw space 12288K,  59% used [0x93200000, 0x93915cc0, 0x93915e00, 0x93e00000)
}

